<?xml version="1.0" encoding="UTF-8"?>
<!-- Generated by org.testng.reporters.JUnitReportReporter -->
<testsuite hostname="DESKTOP-S64H8J8" failures="0" tests="2" name="Selenium.sample12" time="0.009" errors="0" timestamp="2023-01-09T12:29:40 IST" skipped="0">
  <testcase classname="Selenium.sample12" name="TC5" time="0.004"/>
  <system-out>
    <![CDATA[runnng TC5 method]]>
  </system-out>
  <testcase classname="Selenium.sample12" name="TC6" time="0.005"/>
  <system-out>
    <![CDATA[runnng TC6 method]]>
  </system-out>
</testsuite> <!-- Selenium.sample12 -->
