<?xml version="1.0" encoding="UTF-8"?>
<!-- Generated by org.testng.reporters.JUnitReportReporter -->
<testsuite hostname="DESKTOP-S64H8J8" failures="0" tests="7" name="Selenium.sample11" time="0.057" errors="0" timestamp="2023-01-09T12:29:40 IST" skipped="0">
  <testcase classname="Selenium.sample11" name="TC3" time="0.029"/>
  <system-out>
    <![CDATA[runnng TC3 method]]>
  </system-out>
  <testcase classname="Selenium.sample11" name="TC4" time="0.004"/>
  <system-out>
    <![CDATA[runnng TC4 method]]>
  </system-out>
  <testcase classname="Selenium.sample11" name="TC4" time="0.003"/>
  <system-out>
    <![CDATA[runnng TC4 method]]>
  </system-out>
  <testcase classname="Selenium.sample11" name="TC4" time="0.005"/>
  <system-out>
    <![CDATA[runnng TC4 method]]>
  </system-out>
  <testcase classname="Selenium.sample11" name="TC4" time="0.005"/>
  <system-out>
    <![CDATA[runnng TC4 method]]>
  </system-out>
  <testcase classname="Selenium.sample11" name="TC4" time="0.007"/>
  <system-out>
    <![CDATA[runnng TC4 method]]>
  </system-out>
  <testcase classname="Selenium.sample11" name="TC2" time="0.004"/>
  <system-out>
    <![CDATA[runnng TC2 method]]>
  </system-out>
</testsuite> <!-- Selenium.sample11 -->
