<?xml version="1.0" encoding="UTF-8"?>
<!-- Generated by org.testng.reporters.JUnitReportReporter -->
<testsuite hostname="DESKTOP-S64H8J8" failures="0" tests="2" name="Selenium.sample13" time="0.031" errors="0" timestamp="2023-01-09T12:39:37 IST" skipped="0">
  <testcase classname="Selenium.sample13" name="TC1" time="0.028"/>
  <system-out>
    <![CDATA[runnng TC1 method]]>
  </system-out>
  <testcase classname="Selenium.sample13" name="TC2" time="0.003"/>
  <system-out>
    <![CDATA[runnng TC2 method]]>
  </system-out>
</testsuite> <!-- Selenium.sample13 -->
