<?xml version="1.0" encoding="UTF-8"?>
<!-- Generated by org.testng.reporters.JUnitReportReporter -->
<testsuite hostname="DESKTOP-S64H8J8" failures="0" tests="1" name="Selenium.sample15" time="9.016" errors="0" timestamp="2023-01-09T13:26:44 IST" skipped="0">
  <testcase classname="Selenium.sample15" name="openBrowser" time="9.016"/>
  <system-out/>
</testsuite> <!-- Selenium.sample15 -->
