<?xml version="1.0" encoding="UTF-8"?>
<!-- Generated by org.testng.reporters.JUnitReportReporter -->
<testsuite hostname="DESKTOP-S64H8J8" failures="0" tests="1" name="Selenium.sample14" time="0.002" errors="0" timestamp="2023-01-09T12:39:37 IST" skipped="0">
  <testcase classname="Selenium.sample14" name="TC7" time="0.002"/>
  <system-out>
    <![CDATA[runnng TC7 method]]>
  </system-out>
</testsuite> <!-- Selenium.sample14 -->
